0 info it worked if it ends with ok
1 verbose cli [ 'c:\\Program Files\\iojs\\node.exe',
1 verbose cli   'c:\\Program Files\\iojs\\node_modules\\npm\\bin\\npm-cli.js',
1 verbose cli   'run',
1 verbose cli   'lint' ]
2 info using npm@2.5.1
3 info using node@v1.2.0
4 verbose run-script [ 'prelint', 'lint', 'postlint' ]
5 info prelint electron-builder@1.0.1
6 info lint electron-builder@1.0.1
7 verbose unsafe-perm in lifecycle true
8 info electron-builder@1.0.1 Failed to exec lint script
9 verbose stack Error: electron-builder@1.0.1 lint: `eslint ./lib/**/*.js cli.js index.js`
9 verbose stack Exit status 1
9 verbose stack     at EventEmitter.<anonymous> (c:\Program Files\iojs\node_modules\npm\lib\utils\lifecycle.js:213:16)
9 verbose stack     at emitTwo (events.js:85:13)
9 verbose stack     at EventEmitter.emit (events.js:153:7)
9 verbose stack     at ChildProcess.<anonymous> (c:\Program Files\iojs\node_modules\npm\lib\utils\spawn.js:14:12)
9 verbose stack     at emitTwo (events.js:85:13)
9 verbose stack     at ChildProcess.emit (events.js:153:7)
9 verbose stack     at maybeClose (child_process.js:984:16)
9 verbose stack     at Process.ChildProcess._handle.onexit (child_process.js:1057:5)
10 verbose pkgid electron-builder@1.0.1
11 verbose cwd c:\Users\justin\projects\github\electron-builder
12 error Windows_NT 6.3.9600
13 error argv "c:\\Program Files\\iojs\\node.exe" "c:\\Program Files\\iojs\\node_modules\\npm\\bin\\npm-cli.js" "run" "lint"
14 error node v1.2.0
15 error npm  v2.5.1
16 error code ELIFECYCLE
17 error electron-builder@1.0.1 lint: `eslint ./lib/**/*.js cli.js index.js`
17 error Exit status 1
18 error Failed at the electron-builder@1.0.1 lint script 'eslint ./lib/**/*.js cli.js index.js'.
18 error This is most likely a problem with the electron-builder package,
18 error not with npm itself.
18 error Tell the author that this fails on your system:
18 error     eslint ./lib/**/*.js cli.js index.js
18 error You can get their info via:
18 error     npm owner ls electron-builder
18 error There is likely additional logging output above.
19 verbose exit [ 1, true ]
